# JRE version: Java(TM) SE Runtime Environment (7.0_80-b15) (build 1.7.0_80-b15)
# Java VM: Java HotSpot(TM) Client VM (24.80-b11 mixed mode windows-x86 )
Heap
 def new generation   total 4928K, used 934K [0x04800000, 0x04d50000, 0x09d50000)
  eden space 4416K,  13% used [0x04800000, 0x04892470, 0x04c50000)
  from space 512K,  68% used [0x04cd0000, 0x04d276a8, 0x04d50000)
  to   space 512K,   0% used [0x04c50000, 0x04c50000, 0x04cd0000)
 tenured generation   total 10944K, used 6545K [0x09d50000, 0x0a800000, 0x14800000)
   the space 10944K,  59% used [0x09d50000, 0x0a3b44f0, 0x0a3b4600, 0x0a800000)
 compacting perm gen  total 12288K, used 8493K [0x14800000, 0x15400000, 0x18800000)
   the space 12288K,  69% used [0x14800000, 0x1504b640, 0x1504b800, 0x15400000)
GC Heap History (10 events):
Event: 4.842 GC heap before
{Heap before GC invocations=4 (full 0):
 def new generation   total 4928K, used 4746K [0x04800000, 0x04d50000, 0x09d50000)
  eden space 4416K,  95% used [0x04800000, 0x04c22a50, 0x04c50000)
  from space 512K, 100% used [0x04c50000, 0x04cd0000, 0x04cd0000)
  to   space 512K,   0% used [0x04cd0000, 0x04cd0000, 0x04d50000)
 tenured generation   total 10944K, used 2421K [0x09d50000, 0x0a800000, 0x14800000)
   the space 10944K,  22% used [0x09d50000, 0x09fad798, 0x09fad800, 0x0a800000)
 compacting perm gen  total 12288K, used 5095K [0x14800000, 0x15400000, 0x18800000)
   the space 12288K,  41% used [0x14800000, 0x14cf9d20, 0x14cf9e00, 0x15400000)
No shared spaces configured.
Event: 4.867 GC heap after
Heap after GC invocations=5 (full 0):
 def new generation   total 4928K, used 512K [0x04800000, 0x04d50000, 0x09d50000)
  eden space 4416K,   0% used [0x04800000, 0x04800000, 0x04c50000)
  from space 512K, 100% used [0x04cd0000, 0x04d50000, 0x04d50000)
  to   space 512K,   0% used [0x04c50000, 0x04c50000, 0x04cd0000)
 tenured generation   total 10944K, used 3388K [0x09d50000, 0x0a800000, 0x14800000)
   the space 10944K,  30% used [0x09d50000, 0x0a09f378, 0x0a09f400, 0x0a800000)
 compacting perm gen  total 12288K, used 5095K [0x14800000, 0x15400000, 0x18800000)
   the space 12288K,  41% used [0x14800000, 0x14cf9d20, 0x14cf9e00, 0x15400000)
No shared spaces configured.
}
Event: 6.494 GC heap before
{Heap before GC invocations=5 (full 0):
 def new generation   total 4928K, used 4911K [0x04800000, 0x04d50000, 0x09d50000)
  eden space 4416K,  99% used [0x04800000, 0x04c4bc98, 0x04c50000)
  from space 512K, 100% used [0x04cd0000, 0x04d50000, 0x04d50000)
  to   space 512K,   0% used [0x04c50000, 0x04c50000, 0x04cd0000)
 tenured generation   total 10944K, used 3388K [0x09d50000, 0x0a800000, 0x14800000)
   the space 10944K,  30% used [0x09d50000, 0x0a09f378, 0x0a09f400, 0x0a800000)
 compacting perm gen  total 12288K, used 6506K [0x14800000, 0x15400000, 0x18800000)
   the space 12288K,  52% used [0x14800000, 0x14e5a9e8, 0x14e5aa00, 0x15400000)
No shared spaces configured.
Event: 6.507 GC heap after
Heap after GC invocations=6 (full 0):
 def new generation   total 4928K, used 512K [0x04800000, 0x04d50000, 0x09d50000)
  eden space 4416K,   0% used [0x04800000, 0x04800000, 0x04c50000)
  from space 512K, 100% used [0x04c50000, 0x04cd0000, 0x04cd0000)
  to   space 512K,   0% used [0x04cd0000, 0x04cd0000, 0x04d50000)
 tenured generation   total 10944K, used 4024K [0x09d50000, 0x0a800000, 0x14800000)
   the space 10944K,  36% used [0x09d50000, 0x0a13e060, 0x0a13e200, 0x0a800000)
 compacting perm gen  total 12288K, used 6506K [0x14800000, 0x15400000, 0x18800000)
   the space 12288K,  52% used [0x14800000, 0x14e5a9e8, 0x14e5aa00, 0x15400000)
No shared spaces configured.
}
Event: 7.627 GC heap before
{Heap before GC invocations=6 (full 0):
 def new generation   total 4928K, used 4928K [0x04800000, 0x04d50000, 0x09d50000)
  eden space 4416K, 100% used [0x04800000, 0x04c50000, 0x04c50000)
  from space 512K, 100% used [0x04c50000, 0x04cd0000, 0x04cd0000)
  to   space 512K,   0% used [0x04cd0000, 0x04cd0000, 0x04d50000)
 tenured generation   total 10944K, used 4024K [0x09d50000, 0x0a800000, 0x14800000)
   the space 10944K,  36% used [0x09d50000, 0x0a13e060, 0x0a13e200, 0x0a800000)
 compacting perm gen  total 12288K, used 7475K [0x14800000, 0x15400000, 0x18800000)
   the space 12288K,  60% used [0x14800000, 0x14f4cc48, 0x14f4ce00, 0x15400000)
No shared spaces configured.
Event: 7.656 GC heap after
Heap after GC invocations=7 (full 0):
 def new generation   total 4928K, used 512K [0x04800000, 0x04d50000, 0x09d50000)
  eden space 4416K,   0% used [0x04800000, 0x04800000, 0x04c50000)
  from space 512K, 100% used [0x04cd0000, 0x04d50000, 0x04d50000)
  to   space 512K,   0% used [0x04c50000, 0x04c50000, 0x04cd0000)
 tenured generation   total 10944K, used 5349K [0x09d50000, 0x0a800000, 0x14800000)
   the space 10944K,  48% used [0x09d50000, 0x0a289560, 0x0a289600, 0x0a800000)
 compacting perm gen  total 12288K, used 7475K [0x14800000, 0x15400000, 0x18800000)
   the space 12288K,  60% used [0x14800000, 0x14f4cc48, 0x14f4ce00, 0x15400000)
No shared spaces configured.
}
Event: 197.979 GC heap before
{Heap before GC invocations=7 (full 0):
 def new generation   total 4928K, used 4854K [0x04800000, 0x04d50000, 0x09d50000)
  eden space 4416K,  98% used [0x04800000, 0x04c3d910, 0x04c50000)
  from space 512K, 100% used [0x04cd0000, 0x04d50000, 0x04d50000)
  to   space 512K,   0% used [0x04c50000, 0x04c50000, 0x04cd0000)
 tenured generation   total 10944K, used 5349K [0x09d50000, 0x0a800000, 0x14800000)
   the space 10944K,  48% used [0x09d50000, 0x0a289560, 0x0a289600, 0x0a800000)
 compacting perm gen  total 12288K, used 7900K [0x14800000, 0x15400000, 0x18800000)
   the space 12288K,  64% used [0x14800000, 0x14fb70b8, 0x14fb7200, 0x15400000)
No shared spaces configured.
Event: 197.993 GC heap after
Heap after GC invocations=8 (full 0):
 def new generation   total 4928K, used 512K [0x04800000, 0x04d50000, 0x09d50000)
  eden space 4416K,   0% used [0x04800000, 0x04800000, 0x04c50000)
  from space 512K, 100% used [0x04c50000, 0x04cd0000, 0x04cd0000)
  to   space 512K,   0% used [0x04cd0000, 0x04cd0000, 0x04d50000)
 tenured generation   total 10944K, used 6206K [0x09d50000, 0x0a800000, 0x14800000)
   the space 10944K,  56% used [0x09d50000, 0x0a35f930, 0x0a35fa00, 0x0a800000)
 compacting perm gen  total 12288K, used 7900K [0x14800000, 0x15400000, 0x18800000)
   the space 12288K,  64% used [0x14800000, 0x14fb70b8, 0x14fb7200, 0x15400000)
No shared spaces configured.
}
Event: 8474.742 GC heap before
{Heap before GC invocations=8 (full 0):
 def new generation   total 4928K, used 4928K [0x04800000, 0x04d50000, 0x09d50000)
  eden space 4416K, 100% used [0x04800000, 0x04c50000, 0x04c50000)
  from space 512K, 100% used [0x04c50000, 0x04cd0000, 0x04cd0000)
  to   space 512K,   0% used [0x04cd0000, 0x04cd0000, 0x04d50000)
 tenured generation   total 10944K, used 6206K [0x09d50000, 0x0a800000, 0x14800000)
   the space 10944K,  56% used [0x09d50000, 0x0a35f930, 0x0a35fa00, 0x0a800000)
 compacting perm gen  total 12288K, used 8364K [0x14800000, 0x15400000, 0x18800000)
   the space 12288K,  68% used [0x14800000, 0x1502b040, 0x1502b200, 0x15400000)
No shared spaces configured.
Event: 8474.751 GC heap after
Heap after GC invocations=9 (full 0):
 def new generation   total 4928K, used 349K [0x04800000, 0x04d50000, 0x09d50000)
  eden space 4416K,   0% used [0x04800000, 0x04800000, 0x04c50000)
  from space 512K,  68% used [0x04cd0000, 0x04d276a8, 0x04d50000)
  to   space 512K,   0% used [0x04c50000, 0x04c50000, 0x04cd0000)
 tenured generation   total 10944K, used 6545K [0x09d50000, 0x0a800000, 0x14800000)
   the space 10944K,  59% used [0x09d50000, 0x0a3b44f0, 0x0a3b4600, 0x0a800000)
 compacting perm gen  total 12288K, used 8364K [0x14800000, 0x15400000, 0x18800000)
   the space 12288K,  68% used [0x14800000, 0x1502b040, 0x1502b200, 0x15400000)
No shared spaces configured.
}

